2011/02/16 13:42:44 Success to open the conf file (/home/ryuma/tim/mail_picker/mail_picker.conf)
2011/02/16 13:42:44 Success to open the mail id file (/home/ryuma/tim/mail_picker/mail_picker.dat).
2011/02/16 13:42:44 Success to access the pop server.
2011/02/16 13:42:45 Finished accessing the pop server.
2011/02/16 14:02:00 Success to open the conf file (/home/ryuma/tim/mail_picker/mail_picker.conf)
2011/02/16 14:02:00 Success to open the mail id file (/home/ryuma/tim/mail_picker/mail_picker.dat).
2011/02/16 14:02:00 Success to access the pop server.
2011/02/16 14:02:01 The Mail (inquiry:γγγ―εγεγγ) is target for creating ticket.
2011/02/16 14:13:51 Success to open the conf file (/home/ryuma/tim/mail_picker/mail_picker.conf)
2011/02/16 14:13:51 Success to open the mail id file (/home/ryuma/tim/mail_picker/mail_picker.dat).
2011/02/16 14:13:51 Success to access the pop server.
2011/02/16 14:13:52 The Mail (inquiry:γγγ―εγεγγ) is target for creating ticket.
2011/02/16 14:14:17 Success to open the conf file (/home/ryuma/tim/mail_picker/mail_picker.conf)
2011/02/16 14:14:17 Success to open the mail id file (/home/ryuma/tim/mail_picker/mail_picker.dat).
2011/02/16 14:14:17 Success to access the pop server.
2011/02/16 14:14:17 The Mail (inquiry:γγγ―εγεγγ) is target for creating ticket.
2011/02/16 14:15:29 Success to open the conf file (/home/ryuma/tim/mail_picker/mail_picker.conf)
2011/02/16 14:15:29 Success to open the mail id file (/home/ryuma/tim/mail_picker/mail_picker.dat).
2011/02/16 14:15:30 Success to access the pop server.
2011/02/16 14:15:30 The Mail (inquiry:γγγ―εγεγγ) is target for creating ticket.
2011/02/16 14:16:30 Success to open the conf file (/home/ryuma/tim/mail_picker/mail_picker.conf)
2011/02/16 14:16:30 Success to open the mail id file (/home/ryuma/tim/mail_picker/mail_picker.dat).
2011/02/16 14:16:30 Success to access the pop server.
2011/02/16 14:16:31 The Mail (inquiry:γγγ―εγεγγ) is target for creating ticket.
2011/02/16 14:17:10 Success to open the conf file (/home/ryuma/tim/mail_picker/mail_picker.conf)
2011/02/16 14:17:10 Success to open the mail id file (/home/ryuma/tim/mail_picker/mail_picker.dat).
2011/02/16 14:17:10 Success to access the pop server.
2011/02/16 14:17:11 The Mail (inquiry:γγγ―εγεγγ) is target for creating ticket.
2011/02/16 14:17:11 Success to create ticket ( id = 120 )
2011/02/16 14:17:11 Success to write the mail id to the file.
2011/02/16 14:17:11 Finished accessing the pop server.
2011/02/16 14:20:41 Success to open the conf file (/home/ryuma/tim/mail_picker/mail_picker.conf)
2011/02/16 14:20:41 Success to open the mail id file (/home/ryuma/tim/mail_picker/mail_picker.dat).
2011/02/16 14:20:41 Success to access the pop server.
2011/02/16 14:20:42 The Mail (inquiry:about java) is target for creating ticket.
2011/02/16 14:20:42 Success to create ticket ( id = 121 )
2011/02/16 14:20:42 Success to write the mail id to the file.
2011/02/16 14:20:42 Finished accessing the pop server.
